<?xml version="1.0" encoding="UTF-8"?>
<testng-results ignored="4" total="7" passed="2" failed="1" skipped="0">
  <reporter-output>
  </reporter-output>
  <suite started-at="2023-01-27T05:14:46Z" name="Suite" finished-at="2023-01-27T05:15:02Z" duration-ms="16384">
    <groups>
    </groups>
    <test started-at="2023-01-27T05:14:46Z" name="Test" finished-at="2023-01-27T05:15:02Z" duration-ms="16384">
      <class name="TestCases.DashboardTest">
        <test-method signature="Dashboard()[pri:0, instance:TestCases.DashboardTest@5a3bc7ed]" started-at="2023-01-27T05:14:50Z" name="Dashboard" finished-at="2023-01-27T05:14:52Z" duration-ms="2187" status="PASS">
          <reporter-output>
          </reporter-output>
        </test-method> <!-- Dashboard -->
      </class> <!-- TestCases.DashboardTest -->
      <class name="TestCases.LoginTest">
        <test-method is-config="true" signature="main()[pri:0, instance:TestCases.LoginTest@42530531]" started-at="2023-01-27T05:14:44Z" name="main" finished-at="2023-01-27T05:14:46Z" duration-ms="1955" status="PASS">
          <reporter-output>
          </reporter-output>
        </test-method> <!-- main -->
        <test-method signature="Login()[pri:0, instance:TestCases.LoginTest@42530531]" started-at="2023-01-27T05:14:46Z" name="Login" finished-at="2023-01-27T05:14:50Z" duration-ms="4005" status="FAIL">
          <exception class="java.lang.NullPointerException">
            <message>
              <![CDATA[Cannot invoke "org.apache.poi.xssf.usermodel.XSSFRow.getCell(int)" because "row" is null]]>
            </message>
            <full-stacktrace>
              <![CDATA[java.lang.NullPointerException: Cannot invoke "org.apache.poi.xssf.usermodel.XSSFRow.getCell(int)" because "row" is null
at TestCases.LoginTest.Login(LoginTest.java:36)
at java.base/jdk.internal.reflect.NativeMethodAccessorImpl.invoke0(Native Method)
at java.base/jdk.internal.reflect.NativeMethodAccessorImpl.invoke(NativeMethodAccessorImpl.java:77)
at java.base/jdk.internal.reflect.DelegatingMethodAccessorImpl.invoke(DelegatingMethodAccessorImpl.java:43)
at java.base/java.lang.reflect.Method.invoke(Method.java:568)
at org.testng.internal.MethodInvocationHelper.invokeMethod(MethodInvocationHelper.java:124)
at org.testng.internal.Invoker.invokeMethod(Invoker.java:583)
at org.testng.internal.Invoker.invokeTestMethod(Invoker.java:719)
at org.testng.internal.Invoker.invokeTestMethods(Invoker.java:989)
at org.testng.internal.TestMethodWorker.invokeTestMethods(TestMethodWorker.java:125)
at org.testng.internal.TestMethodWorker.run(TestMethodWorker.java:109)
at org.testng.TestRunner.privateRun(TestRunner.java:648)
at org.testng.TestRunner.run(TestRunner.java:505)
at org.testng.SuiteRunner.runTest(SuiteRunner.java:455)
at org.testng.SuiteRunner.runSequentially(SuiteRunner.java:450)
at org.testng.SuiteRunner.privateRun(SuiteRunner.java:415)
at org.testng.SuiteRunner.run(SuiteRunner.java:364)
at org.testng.SuiteRunnerWorker.runSuite(SuiteRunnerWorker.java:52)
at org.testng.SuiteRunnerWorker.run(SuiteRunnerWorker.java:84)
at org.testng.TestNG.runSuitesSequentially(TestNG.java:1208)
at org.testng.TestNG.runSuitesLocally(TestNG.java:1137)
at org.testng.TestNG.runSuites(TestNG.java:1049)
at org.testng.TestNG.run(TestNG.java:1017)
at org.testng.remote.AbstractRemoteTestNG.run(AbstractRemoteTestNG.java:115)
at org.testng.remote.RemoteTestNG.initAndRun(RemoteTestNG.java:251)
at org.testng.remote.RemoteTestNG.main(RemoteTestNG.java:77)
]]>
            </full-stacktrace>
          </exception> <!-- java.lang.NullPointerException -->
          <reporter-output>
          </reporter-output>
        </test-method> <!-- Login -->
        <test-method is-config="true" signature="closeChrome()[pri:0, instance:TestCases.LoginTest@42530531]" started-at="2023-01-27T05:15:02Z" name="closeChrome" finished-at="2023-01-27T05:15:02Z" duration-ms="165" status="PASS">
          <reporter-output>
          </reporter-output>
        </test-method> <!-- closeChrome -->
      </class> <!-- TestCases.LoginTest -->
      <class name="TestCases.AddPlantButton">
        <test-method signature="AddPlantButtoncheck()[pri:0, instance:TestCases.AddPlantButton@181e731e]" started-at="2023-01-27T05:14:52Z" name="AddPlantButtoncheck" finished-at="2023-01-27T05:15:02Z" duration-ms="10174" status="PASS">
          <reporter-output>
          </reporter-output>
        </test-method> <!-- AddPlantButtoncheck -->
      </class> <!-- TestCases.AddPlantButton -->
    </test> <!-- Test -->
  </suite> <!-- Suite -->
</testng-results>
